[2026-04-13T13:38:03.995Z] server paths {"isPackaged":"0","portableExecutableDir":null,"portableExecutableFile":null,"cwd":"E:\\Project\\git\\qumo-web","execPath":"E:\\Project\\git\\qumo-web\\node_modules\\electron\\dist\\electron.exe","processExecDir":"E:\\Project\\git\\qumo-web\\node_modules\\electron\\dist","externalBaseDir":"E:\\Project\\git\\qumo-web","externalSfxDir":"E:\\Project\\git\\qumo-web\\assets\\sfx","externalAssetsDir":"E:\\Project\\git\\qumo-web\\assets","externalModsDir":"E:\\Project\\git\\qumo-web\\mods","runtimeModsDir":"E:\\Project\\git\\qumo-web\\mods","resourcesPath":"E:\\Project\\git\\qumo-web\\node_modules\\electron\\dist\\resources"}
[2026-04-13T13:38:04.248Z] modRuntime loadAll start {"modsDir":"E:\\Project\\git\\qumo-web\\mods","modsDirExists":true}
[2026-04-13T13:38:04.249Z] modRuntime entries {"entries":["intro_quiz","timerace","visual_quiz","_template"]}
[2026-04-13T13:38:04.249Z] modRuntime inspect {"folder":"intro_quiz","modJsonPath":"E:\\Project\\git\\qumo-web\\mods\\intro_quiz\\mod.json","modJsonExists":true,"serverEntryPath":"E:\\Project\\git\\qumo-web\\mods\\intro_quiz\\server\\index.js","serverEntryExists":true}
[2026-04-13T13:38:04.249Z] modRuntime importing {"modId":"intro_quiz","serverEntryPath":"E:\\Project\\git\\qumo-web\\mods\\intro_quiz\\server\\index.js"}
[2026-04-13T13:38:04.255Z] intro_quiz assets {"portableExecutableDir":null,"portableExecutableFile":null,"cwd":"E:\\Project\\git\\qumo-web","__dirname":"E:\\Project\\git\\qumo-web\\mods\\intro_quiz\\server","assetsDir":"E:\\Project\\git\\qumo-web\\mods\\intro_quiz\\assets","setsDir":"E:\\Project\\git\\qumo-web\\mods\\intro_quiz\\assets\\sets","setsDirExists":true}
[2026-04-13T13:38:04.291Z] modRuntime loaded {"modId":"intro_quiz"}
[2026-04-13T13:38:04.292Z] modRuntime inspect {"folder":"timerace","modJsonPath":"E:\\Project\\git\\qumo-web\\mods\\timerace\\mod.json","modJsonExists":true,"serverEntryPath":"E:\\Project\\git\\qumo-web\\mods\\timerace\\server\\index.js","serverEntryExists":true}
[2026-04-13T13:38:04.292Z] modRuntime importing {"modId":"timerace","serverEntryPath":"E:\\Project\\git\\qumo-web\\mods\\timerace\\server\\index.js"}
[2026-04-13T13:38:04.295Z] modRuntime loaded {"modId":"timerace"}
[2026-04-13T13:38:04.295Z] modRuntime inspect {"folder":"visual_quiz","modJsonPath":"E:\\Project\\git\\qumo-web\\mods\\visual_quiz\\mod.json","modJsonExists":true,"serverEntryPath":"E:\\Project\\git\\qumo-web\\mods\\visual_quiz\\server\\index.js","serverEntryExists":true}
[2026-04-13T13:38:04.295Z] modRuntime importing {"modId":"visual_quiz","serverEntryPath":"E:\\Project\\git\\qumo-web\\mods\\visual_quiz\\server\\index.js"}
[2026-04-13T13:38:04.297Z] visual_quiz assets {"portableExecutableDir":null,"portableExecutableFile":null,"cwd":"E:\\Project\\git\\qumo-web","__dirname":"E:\\Project\\git\\qumo-web\\mods\\visual_quiz\\server","assetsDir":"E:\\Project\\git\\qumo-web\\mods\\visual_quiz\\assets","qRootDir":"E:\\Project\\git\\qumo-web\\mods\\visual_quiz\\assets\\q","qRootExists":true}
[2026-04-13T13:38:04.303Z] modRuntime loaded {"modId":"visual_quiz"}
[2026-04-13T13:38:04.303Z] modRuntime inspect {"folder":"_template","modJsonPath":"E:\\Project\\git\\qumo-web\\mods\\_template\\mod.json","modJsonExists":true,"serverEntryPath":"E:\\Project\\git\\qumo-web\\mods\\_template\\server\\index.js","serverEntryExists":true}
[2026-04-13T13:38:04.305Z] modRuntime importing {"modId":"__MOD_ID__","serverEntryPath":"E:\\Project\\git\\qumo-web\\mods\\_template\\server\\index.js"}
[2026-04-13T13:38:04.306Z] modRuntime loaded {"modId":"__MOD_ID__"}
[2026-04-13T13:38:19.313Z] server paths {"isPackaged":"0","portableExecutableDir":null,"portableExecutableFile":null,"cwd":"E:\\Project\\git\\qumo-web","execPath":"E:\\Project\\git\\qumo-web\\node_modules\\electron\\dist\\electron.exe","processExecDir":"E:\\Project\\git\\qumo-web\\node_modules\\electron\\dist","externalBaseDir":"E:\\Project\\git\\qumo-web","externalSfxDir":"E:\\Project\\git\\qumo-web\\assets\\sfx","externalAssetsDir":"E:\\Project\\git\\qumo-web\\assets","externalModsDir":"E:\\Project\\git\\qumo-web\\mods","runtimeModsDir":"E:\\Project\\git\\qumo-web\\mods","resourcesPath":"E:\\Project\\git\\qumo-web\\node_modules\\electron\\dist\\resources"}
[2026-04-13T13:38:19.336Z] modRuntime loadAll start {"modsDir":"E:\\Project\\git\\qumo-web\\mods","modsDirExists":true}
[2026-04-13T13:38:19.337Z] modRuntime entries {"entries":["intro_quiz","timerace","visual_quiz","_template"]}
[2026-04-13T13:38:19.337Z] modRuntime inspect {"folder":"intro_quiz","modJsonPath":"E:\\Project\\git\\qumo-web\\mods\\intro_quiz\\mod.json","modJsonExists":true,"serverEntryPath":"E:\\Project\\git\\qumo-web\\mods\\intro_quiz\\server\\index.js","serverEntryExists":true}
[2026-04-13T13:38:19.337Z] modRuntime importing {"modId":"intro_quiz","serverEntryPath":"E:\\Project\\git\\qumo-web\\mods\\intro_quiz\\server\\index.js"}
[2026-04-13T13:38:19.342Z] intro_quiz assets {"portableExecutableDir":null,"portableExecutableFile":null,"cwd":"E:\\Project\\git\\qumo-web","__dirname":"E:\\Project\\git\\qumo-web\\mods\\intro_quiz\\server","assetsDir":"E:\\Project\\git\\qumo-web\\mods\\intro_quiz\\assets","setsDir":"E:\\Project\\git\\qumo-web\\mods\\intro_quiz\\assets\\sets","setsDirExists":true}
[2026-04-13T13:38:19.350Z] modRuntime loaded {"modId":"intro_quiz"}
[2026-04-13T13:38:19.351Z] modRuntime inspect {"folder":"timerace","modJsonPath":"E:\\Project\\git\\qumo-web\\mods\\timerace\\mod.json","modJsonExists":true,"serverEntryPath":"E:\\Project\\git\\qumo-web\\mods\\timerace\\server\\index.js","serverEntryExists":true}
[2026-04-13T13:38:19.351Z] modRuntime importing {"modId":"timerace","serverEntryPath":"E:\\Project\\git\\qumo-web\\mods\\timerace\\server\\index.js"}
[2026-04-13T13:38:19.354Z] modRuntime loaded {"modId":"timerace"}
[2026-04-13T13:38:19.355Z] modRuntime inspect {"folder":"visual_quiz","modJsonPath":"E:\\Project\\git\\qumo-web\\mods\\visual_quiz\\mod.json","modJsonExists":true,"serverEntryPath":"E:\\Project\\git\\qumo-web\\mods\\visual_quiz\\server\\index.js","serverEntryExists":true}
[2026-04-13T13:38:19.355Z] modRuntime importing {"modId":"visual_quiz","serverEntryPath":"E:\\Project\\git\\qumo-web\\mods\\visual_quiz\\server\\index.js"}
[2026-04-13T13:38:19.357Z] visual_quiz assets {"portableExecutableDir":null,"portableExecutableFile":null,"cwd":"E:\\Project\\git\\qumo-web","__dirname":"E:\\Project\\git\\qumo-web\\mods\\visual_quiz\\server","assetsDir":"E:\\Project\\git\\qumo-web\\mods\\visual_quiz\\assets","qRootDir":"E:\\Project\\git\\qumo-web\\mods\\visual_quiz\\assets\\q","qRootExists":true}
[2026-04-13T13:38:19.362Z] modRuntime loaded {"modId":"visual_quiz"}
[2026-04-13T13:38:19.363Z] modRuntime inspect {"folder":"_template","modJsonPath":"E:\\Project\\git\\qumo-web\\mods\\_template\\mod.json","modJsonExists":true,"serverEntryPath":"E:\\Project\\git\\qumo-web\\mods\\_template\\server\\index.js","serverEntryExists":true}
[2026-04-13T13:38:19.363Z] modRuntime importing {"modId":"__MOD_ID__","serverEntryPath":"E:\\Project\\git\\qumo-web\\mods\\_template\\server\\index.js"}
[2026-04-13T13:38:19.364Z] modRuntime loaded {"modId":"__MOD_ID__"}
